<?xml version="1.0" encoding="UTF-8"?>
<robot generator="Robot 3.1.1 (Python 3.7.2 on win32)" generated="20190215 16:06:32.929" rpa="false">
<suite id="s1" name="Helloworld" source="C:\Users\luke.li.ACORNMACHINE\PycharmProjects\robotic_framework\helloworld.robot">
<test id="s1-t1" name="First test case">
<kw name="Begin web test">
<kw name="Log" library="BuiltIn">
<doc>Logs the given message with the given level.</doc>
<arguments>
<arg>This is first test case</arg>
</arguments>
<msg timestamp="20190215 16:06:32.944" level="INFO">This is first test case</msg>
<status status="PASS" starttime="20190215 16:06:32.944" endtime="20190215 16:06:32.944"></status>
</kw>
<status status="PASS" starttime="20190215 16:06:32.944" endtime="20190215 16:06:32.944"></status>
</kw>
<status status="PASS" starttime="20190215 16:06:32.944" endtime="20190215 16:06:32.944" critical="yes"></status>
</test>
<test id="s1-t2" name="Second test case">
<kw name="End web test">
<kw name="Log" library="BuiltIn">
<doc>Logs the given message with the given level.</doc>
<arguments>
<arg>HelloWorld</arg>
</arguments>
<msg timestamp="20190215 16:06:32.960" level="INFO">HelloWorld</msg>
<status status="PASS" starttime="20190215 16:06:32.960" endtime="20190215 16:06:32.960"></status>
</kw>
<status status="PASS" starttime="20190215 16:06:32.960" endtime="20190215 16:06:32.960"></status>
</kw>
<status status="PASS" starttime="20190215 16:06:32.960" endtime="20190215 16:06:32.960" critical="yes"></status>
</test>
<status status="PASS" starttime="20190215 16:06:32.929" endtime="20190215 16:06:32.960"></status>
</suite>
<statistics>
<total>
<stat pass="2" fail="0">Critical Tests</stat>
<stat pass="2" fail="0">All Tests</stat>
</total>
<tag>
</tag>
<suite>
<stat pass="2" fail="0" id="s1" name="Helloworld">Helloworld</stat>
</suite>
</statistics>
<errors>
</errors>
</robot>
